<?xml version="1.0" encoding="UTF-8"?>
<!-- Generated by org.testng.reporters.JUnitXMLReporter -->
<testsuite ignored="0" hostname="DESKTOP-6BPIBTL" failures="4" tests="9" name="Surefire test" time="0.185" errors="0" timestamp="2023-08-06T14:59:15 PKT">
  <testcase classname="ru.skillfactory.qajava.TestPerson" name="personIsTeenagerTest" time="0.016">
    <failure type="java.lang.AssertionError" message="expected [false] but found [true]">
      <![CDATA[java.lang.AssertionError: expected [false] but found [true]
at ru.skillfactory.qajava.TestPerson.personIsTeenagerTest(TestPerson.java:53)
at java.base/java.util.ArrayList.forEach(ArrayList.java:1511)
... Removed 35 stack frames]]>
    </failure>
  </testcase> <!-- personIsTeenagerTest -->
  <testcase classname="ru.skillfactory.qajava.TestPerson" name="personIsTeenagerTest" time="0.0">
    <failure type="java.lang.AssertionError" message="expected [false] but found [true]">
      <![CDATA[java.lang.AssertionError: expected [false] but found [true]
at ru.skillfactory.qajava.TestPerson.personIsTeenagerTest(TestPerson.java:53)
at java.base/java.util.ArrayList.forEach(ArrayList.java:1511)
... Removed 35 stack frames]]>
    </failure>
  </testcase> <!-- personIsTeenagerTest -->
  <testcase classname="ru.skillfactory.qajava.TestPerson" name="personIsTeenagerTest" time="0.0">
    <failure type="java.lang.AssertionError" message="expected [false] but found [true]">
      <![CDATA[java.lang.AssertionError: expected [false] but found [true]
at ru.skillfactory.qajava.TestPerson.personIsTeenagerTest(TestPerson.java:53)
at java.base/java.util.ArrayList.forEach(ArrayList.java:1511)
... Removed 35 stack frames]]>
    </failure>
  </testcase> <!-- personIsTeenagerTest -->
  <testcase classname="ru.skillfactory.qajava.TestPerson" name="personIsTeenagerTest" time="0.009"/>
  <testcase classname="ru.skillfactory.qajava.TestPerson" name="personIsTeenagerTest" time="0.001"/>
  <testcase classname="ru.skillfactory.qajava.TestPerson" name="personIsTeenagerTest" time="0.001"/>
  <testcase classname="ru.skillfactory.qajava.TestPerson" name="personIsTeenagerTest" time="0.002">
    <failure type="java.lang.AssertionError" message="expected [true] but found [false]">
      <![CDATA[java.lang.AssertionError: expected [true] but found [false]
at ru.skillfactory.qajava.TestPerson.personIsTeenagerTest(TestPerson.java:53)
at java.base/java.util.ArrayList.forEach(ArrayList.java:1511)
... Removed 35 stack frames]]>
    </failure>
  </testcase> <!-- personIsTeenagerTest -->
  <testcase classname="ru.skillfactory.qajava.TestPerson" name="personIsTeenagerTest" time="0.001"/>
  <testcase classname="ru.skillfactory.qajava.TestPerson" name="personIsTeenagerTest" time="0.0"/>
</testsuite> <!-- Surefire test -->
